<?xml version="1.0" encoding="UTF-8"?>
<!-- Generated by org.testng.reporters.JUnitXMLReporter -->
<testsuite ignored="0" hostname="Bharath" failures="1" tests="6" name="Test1" time="5.229" errors="0" timestamp="2026-01-29T22:23:05 IST">
  <testcase classname="testng.framework.concepts.AppCommons" name="testCase3" time="0.012"/>
  <testcase classname="testng.framework.concepts.AppCommons" name="testCase3" time="0.003"/>
  <testcase classname="testng.framework.concepts.AppCommons" name="testCase2" time="0.003"/>
  <testcase classname="testng.framework.concepts.AppCommons" name="testCase4" time="0.007"/>
  <testcase classname="testng.framework.concepts.AppCommons" name="testCase5" time="5.013">
    <failure type="org.testng.internal.thread.ThreadTimeoutException" message="Method testng.framework.concepts.AppCommons.testCase5() didn&amp;apos;t finish within the time-out 5000">
      <![CDATA[org.testng.internal.thread.ThreadTimeoutException: Method testng.framework.concepts.AppCommons.testCase5() didn't finish within the time-out 5000
at java.base/java.lang.Thread.sleep0(Native Method)
at java.base/java.lang.Thread.sleep(Thread.java:509)
at testng.framework.concepts.AppCommons.testCase5(AppCommons.java:58)
at java.base/java.util.concurrent.FutureTask.run(FutureTask.java:317)
at java.base/java.util.concurrent.ThreadPoolExecutor.runWorker(ThreadPoolExecutor.java:1144)
at java.base/java.util.concurrent.ThreadPoolExecutor$Worker.run(ThreadPoolExecutor.java:642)
at java.base/java.lang.Thread.run(Thread.java:1583)
... Removed 6 stack frames]]>
    </failure>
  </testcase> <!-- testCase5 -->
  <testcase classname="testng.framework.concepts.AppCommons" name="testCase1" time="0.0"/>
</testsuite> <!-- Test1 -->
